2017-02-16 17:19:25 [3202b8e4] info    [native] [AgentOptions] agent debug option: optionTestRunIdJava=28496653-e4f8-422c-98f9-78e61823b819
2017-02-16 17:19:25 [3202b8e4] info    [native] Loading collector peer list from /home/flavio/dev/dyna+junit/dynatrace-6.5/agent/conf/collectorlist.IntelliJ
2017-02-16 17:19:25 [3202b8e4] info    [native] 0 entries loaded
2017-02-16 17:19:25 [3202b8e4] info    [native] POSIX clock type CLOCK_MONOTONIC detected
2017-02-16 17:19:25 [3202b8e4] info    [native] High-resolution POSIX timer detected.
2017-02-16 17:19:25 [3202b8e4] info    [native] ------------------------------------------------------------------------------------
2017-02-16 17:19:25 [3202b8e4] info    [native] Dynatrace Agent for Java Copyright (C) 2004-2016 Dynatrace, http://www.dynatrace.com
2017-02-16 17:19:25 [3202b8e4] info    [native] ------------------------------------------------------------------------------------
2017-02-16 17:19:25 [3202b8e4] info    [native] Version ..................... 6.5.0.1289, build date Sep 16 2016 08:47:21, svn rev. 654174
2017-02-16 17:19:25 [3202b8e4] info    [native] Command line is /usr/lib/jvm/java-8-oracle/bin/java -ea -agentpath:/home/flavio/dev/dyna+junit/dynatrace-6.5/agent/lib64/libdtagent.so=wait=30000,name=IntelliJ,server=localhost,port=9998,optionTestRunIdJava=28496653-e4f8-422c-98f9-78e61823b819 -Didea.launcher.port=7537 -Didea.launcher.bin.path=/home/flavio/dev/idea-IC-163.12024.16/bin -Dfile.encoding=UTF-8 -classpath /home/flavio/dev/idea-IC-163.12024.16/lib/idea_rt.jar:/home/flavio/dev/idea-IC-163.12024.16/plugins/junit/lib/junit-rt.jar:/usr/lib/jvm/java-8-oracle/jre/lib/charsets.jar:/usr/lib/jvm/java-8-oracle/jre/lib/deploy.jar:/usr/lib/jvm/java-8-oracle/jre/lib/ext/cldrdata.jar:/usr/lib/jvm/java-8-oracle/jre/lib/ext/dnsns.jar:/usr/lib/jvm/java-8-oracle/jre/lib/ext/jaccess.jar:/usr/lib/jvm/java-8-oracle/jre/lib/ext/jfxrt.jar:/usr/lib/jvm/java-8-oracle/jre/lib/ext/localedata.jar:/usr/lib/jvm/java-8-oracle/jre/lib/ext/nashorn.jar:/usr/lib/jvm/java-8-oracle/jre/lib/ext/sunec.jar:/usr/lib/jvm/java-8-oracle/jre/lib/ext/sunjce_provider.jar:/usr/lib/jvm/java-8-oracle/jre/lib/ext/sunpkcs11.jar:/usr/lib/jvm/java-8-oracle/jre/lib/ext/zipfs.jar:/usr/lib/jvm/java-8-oracle/jre/lib/javaws.jar:/usr/lib/jvm/java-8-oracle/jre/lib/jce.jar:/usr/lib/jvm/java-8-oracle/jre/lib/jfr.jar:/usr/lib/jvm/java-8-oracle/jre/lib/jfxswt.jar:/usr/lib/jvm/java-8-oracle/jre/lib/jsse.jar:/usr/lib/jvm/java-8-oracle/jre/lib/management-agent.jar:/usr/lib/jvm/java-8-oracle/jre/lib/plugin.jar:/usr/lib/jvm/java-8-oracle/jre/lib/resources.jar:/usr/lib/jvm/java-8-oracle/jre/lib/rt.jar:/home/flavio/dev/dyna+junit/angularjs-springboot-basic/build/classes/test:/home/flavio/dev/dyna+junit/angularjs-springboot-basic/build/classes/main:/home/flavio/dev/dyna+junit/angularjs-springboot-basic/build/resources/main:/home/flavio/.gradle/caches/modules-2/files-2.1/org.springframework.boot/spring-boot-starter-web/1.2.1.RELEASE/23ff0103b230852dd27b51cb60bf9dd38766145c/spring-boot-starter-web-1.2.1.RELEASE.jar:/home/flavio/.gradle/caches/modules-2/files-2.1/org.springframework.boot/spring-boot-starter-security/1.2.1.RELEASE/1a45b54947824d4d4c469dbd621d6f24be53183d/spring-boot-starter-security-1.2.1.RELEASE.jar:/home/flavio/.gradle/caches/modules-2/files-2.1/org.springframework.boot/spring-boot-starter/1.2.1.RELEASE/fcb4b0e9a6b0e3627e9c9ea1376780a8ed7afe1e/spring-boot-starter-1.2.1.RELEASE.jar:/home/flavio/.gradle/caches/modules-2/files-2.1/org.springframework.boot/spring-boot-starter-tomcat/1.2.1.RELEASE/6ac1b8b2dd021d499cffbd9924517cb70d92a657/spring-boot-starter-tomcat-1.2.1.RELEASE.jar:/home/flavio/.gradle/caches/modules-2/files-2.1/com.fasterxml.jackson.core/jackson-databind/2.4.4/e2ff13c3de2f5a2ab2449a3dace2b0d1c37bd8ee/jackson-databind-2.4.4.jar:/home/flavio/.gradle/caches/modules-2/files-2.1/org.hibernate/hibernate-validator/5.1.3.Final/334d46a93cf095160ce06d8382594b904933c808/hibernate-validator-5.1.3.Final.jar:/home/flavio/.gradle/caches/modules-2/files-2.1/org.springframework/spring-core/4.1.4.RELEASE/8df582421867cf7298658e00cd2e9e460b697b05/spring-core-4.1.4.RELEASE.jar:/home/flavio/.gradle/caches/modules-2/files-2.1/org.springframework/spring-web/4.1.4.RELEASE/7404de727a6b07634b55e9b7788e89cb76785932/spring-web-4.1.4.RELEASE.jar:/home/flavio/.gradle/caches/modules-2/files-2.1/org.springframework/spring-webmvc/4.1.4.RELEASE/77c2be19c80bc4b73c7edcafaff6c3d1babea103/spring-webmvc-4.1.4.RELEASE.jar:/home/flavio/.gradle/caches/modules-2/files-2.1/org.springframework/spring-beans/4.1.4.RELEASE/b4f08e061c28636c0d434a74554c958457602b3/spring-beans-4.1.4.RELEASE.jar:/home/flavio/.gradle/caches/modules-2/files-2.1/org.springframework/spring-context/4.1.4.RELEASE/5c66d0962e89ee577627a526b6b299a5337072be/spring-context-4.1.4.RELEASE.jar:/home/flavio/.gradle/caches/modules-2/files-2.1/org.springframework/spring-expression/4.1.4.RELEASE/89109bc913900ceff3107ad66edb60d1acb3aed2/spring-expression-4.1.4.RELEASE.jar:/home/flavio/.gradle/caches/modules-2/files-2.1/org.springframework.security/spring-security-config/3.2.5.RELEASE/1286983a3ad4549d7f7fd0f3784e747667b44b70/spring-security-config-3.2.5.RELEASE.jar:/home/flavio/.gradle/caches/modules-2/files-2.1/org.springframework.security/spring-security-web/3.2.5.RELEASE/47624ce0bca40bac9a64276ed36d67be11f133b8/spring-security-web-3.2.5.RELEASE.jar:/home/flavio/.gradle/caches/modules-2/files-2.1/org.springframework/spring-aop/4.1.4.RELEASE/c5f571fde64271ac0791d538ee158cb473b1b80a/spring-aop-4.1.4.RELEASE.jar:/home/flavio/.gradle/caches/modules-2/files-2.1/org.springframework.boot/spring-boot/1.2.1.RELEASE/efe81809343f4fca576ea872eb6a269599ebb1d0/spring-boot-1.2.1.RELEASE.jar:/home/flavio/.gradle/caches/modules-2/files-2.1/org.springframework.boot/spring-boot-autoconfigure/1.2.1.RELEASE/3f3b23d1cc920614d65b239c059425e858cc8417/spring-boot-autoconfigure-1.2.1.RELEASE.jar:/home/flavio/.gradle/caches/modules-2/files-2.1/org.springframework.boot/spring-boot-starter-logging/1.2.1.RELEASE/2e2572e2d1a3b845a9172f5d7bc338e105a9bded/spring-boot-starter-logging-1.2.1.RELEASE.jar:/home/flavio/.gradle/caches/modules-2/files-2.1/org.yaml/snakeyaml/1.14/c2df91929ed06a25001939929bff5120e0ea3fd4/snakeyaml-1.14.jar:/home/flavio/.gradle/caches/modules-2/files-2.1/org.apache.tomcat.embed/tomcat-embed-core/8.0.15/acb0a3c681ee04cc5e391784263c1e636c65bbac/tomcat-embed-core-8.0.15.jar:/home/flavio/.gradle/caches/modules-2/files-2.1/org.apache.tomcat.embed/tomcat-embed-el/8.0.15/e228eb4dc0cfa1d116f0b1b2bb8185556cb1a9b/tomcat-embed-el-8.0.15.jar:/home/flavio/.gradle/caches/modules-2/files-2.1/org.apache.tomcat.embed/tomcat-embed-logging-juli/8.0.15/a93593a43f0df8ac14acd43c3ee2ec3f0cfd587d/tomcat-embed-logging-juli-8.0.15.jar:/home/flavio/.gradle/caches/modules-2/files-2.1/org.apache.tomcat.embed/tomcat-embed-websocket/8.0.15/25b151fade3315279a07b020cb42c1af95ff366b/tomcat-embed-websocket-8.0.15.jar:/home/flavio/.gradle/caches/modules-2/files-2.1/com.fasterxml.jackson.core/jackson-annotations/2.4.0/d6a66c7a5f01cf500377bd669507a08cfeba882a/jackson-annotations-2.4.0.jar:/home/flavio/.gradle/caches/modules-2/files-2.1/com.fasterxml.jackson.core/jackson-core/2.4.4/c5cd3347c0a86d0dcfbf3da593d8431d5a789d54/jackson-core-2.4.4.jar:/home/flavio/.gradle/caches/modules-2/files-2.1/javax.validation/validation-api/1.1.0.Final/8613ae82954779d518631e05daa73a6a954817d5/validation-api-1.1.0.Final.jar:/home/flavio/.gradle/caches/modules-2/files-2.1/org.jboss.logging/jboss-logging/3.1.3.GA/64499e907f19e5e1b3fdc02f81440c1832fe3545/jboss-logging-3.1.3.GA.jar:/home/flavio/.gradle/caches/modules-2/files-2.1/com.fasterxml/classmate/1.0.0/434efef28c81162b17c540e634cffa3bd9b09b4c/classmate-1.0.0.jar:/home/flavio/.gradle/caches/modules-2/files-2.1/aopalliance/aopalliance/1.0/235ba8b489512805ac13a8f9ea77a1ca5ebe3e8/aopalliance-1.0.jar:/home/flavio/.gradle/caches/modules-2/files-2.1/org.springframework.security/spring-security-core/3.2.5.RELEASE/d5db43e696a02186ab7e18f8c9d99afbde94bd77/spring-security-core-3.2.5.RELEASE.jar:/home/flavio/.gradle/caches/modules-2/files-2.1/org.slf4j/jcl-over-slf4j/1.7.8/c255c29d154eb7d6f0e34f9e04e653b00019cd42/jcl-over-slf4j-1.7.8.jar:/home/flavio/.gradle/caches/modules-2/files-2.1/org.slf4j/jul-to-slf4j/1.7.8/1dced0531ac0db5047fd9145e02e86733a2ad37f/jul-to-slf4j-1.7.8.jar:/home/flavio/.gradle/caches/modules-2/files-2.1/org.slf4j/log4j-over-slf4j/1.7.8/798084c89a457374619edbcb2113be96123c3f74/log4j-over-slf4j-1.7.8.jar:/home/flavio/.gradle/caches/modules-2/files-2.1/ch.qos.logback/logback-classic/1.1.2/b316e9737eea25e9ddd6d88eaeee76878045c6b2/logback-classic-1.1.2.jar:/home/flavio/.gradle/caches/modules-2/files-2.1/org.slf4j/slf4j-api/1.7.8/40d4abec9e853fd9f17fb144f1e7c2c5bab52af9/slf4j-api-1.7.8.jar:/home/flavio/.gradle/caches/modules-2/files-2.1/ch.qos.logback/logback-core/1.1.2/2d23694879c2c12f125dac5076bdfd5d771cc4cb/logback-core-1.1.2.jar:/home/flavio/.gradle/caches/modules-2/files-2.1/org.springframework.boot/spring-boot-starter-test/1.2.1.RELEASE/e4b899191830d0401a7df54220cd2e38a063530e/spring-boot-starter-test-1.2.1.RELEASE.jar:/home/flavio/.gradle/caches/modules-2/files-2.1/junit/junit/4.12/2973d150c0dc1fefe998f834810d68f278ea58ec/junit-4.12.jar:/home/flavio/.gradle/caches/modules-2/files-2.1/org.mockito/mockito-core/1.10.8/1447cf39e9d3fe35c10168a4b6ce1f8d688bd0e/mockito-core-1.10.8.jar:/home/flavio/.gradle/caches/modules-2/files-2.1/org.hamcrest/hamcrest-core/1.3/42a25dc3219429f0e5d060061f71acb49bf010a0/hamcrest-core-1.3.jar:/home/flavio/.gradle/caches/modules-2/files-2.1/org.hamcrest/hamcrest-library/1.3/4785a3c21320980282f9f33d0d1264a69040538f/hamcrest-library-1.3.jar:/home/flavio/.gradle/caches/modules-2/files-2.1/org.springframework/spring-test/4.1.4.RELEASE/32878e9ac8b78d0e41821b832c34b9eb1580417a/spring-test-4.1.4.RELEASE.jar:/home/flavio/.gradle/caches/modules-2/files-2.1/org.objenesis/objenesis/2.1/87c0ea803b69252868d09308b4618f766f135a96/objenesis-2.1.jar com.intellij.rt.execution.application.AppMain com.intellij.rt.execution.junit.JUnitStarter -ideVersion5 @w@/tmp/idea_working_dirs_junit.tmp @/tmp/idea_junit.tmp -socket41604 
2017-02-16 17:19:25 [3202b8e4] info    [native] Build platform .............. Linux x86 64-bit
2017-02-16 17:19:25 [3202b8e4] info    [native] Platform .................... Linux 4.4.0-62-generic x86_64
2017-02-16 17:19:25 [3202b8e4] info    [native] System startup time ......... 2017-02-13 07:38:39
2017-02-16 17:19:25 [3202b8e4] info    [native] User name ................... flavio
2017-02-16 17:19:25 [3202b8e4] info    [native] Bootstrap version ........... 6.5.0.1289
2017-02-16 17:19:25 [3202b8e4] info    [native] Log level console ........... info
2017-02-16 17:19:25 [3202b8e4] info    [native] Log level file .............. info
2017-02-16 17:19:25 [3202b8e4] info    [native] Log file .................... /home/flavio/dev/dyna+junit/dynatrace-6.5/log/dt_IntelliJ_4285.0.log
2017-02-16 17:19:25 [3202b8e4] info    [native] Agent host .................. fmendes
2017-02-16 17:19:25 [3202b8e4] info    [native] Agent library ............... /home/flavio/dev/dyna+junit/dynatrace-6.5/agent/downloads/6.5.0.1289/native/linux-x86-64/libdtagentcore.so
2017-02-16 17:19:25 [3202b8e4] info    [native] Options string .............. wait=30000,name=IntelliJ,server=localhost,port=9998,optionTestRunIdJava=28496653-e4f8-422c-98f9-78e61823b819
2017-02-16 17:19:25 [3202b8e4] info    [native] Agent name .................. IntelliJ
2017-02-16 17:19:25 [3202b8e4] info    [native] Server/Collector ............ localhost:9998
2017-02-16 17:19:25 [3202b8e4] info    [native] Interface type .............. JVMTI
2017-02-16 17:19:25 [3202b8e4] info    [native] Process ID .................. 4285
2017-02-16 17:19:25 [3202b8e4] info    [native] JVM name .................... Java HotSpot(TM) 64-Bit Server VM 25.121-b13
2017-02-16 17:19:25 [3202b8e4] info    [native] JVM vendor .................. Oracle Corporation
2017-02-16 17:19:25 [3202b8e4] info    [native] JVM info .................... mixed mode, sharing
2017-02-16 17:19:25 [3202b8e4] info    [native] Trying to connect to Server/Collector for up to 29999 seconds
2017-02-16 17:19:25 [3202b8e4] info    [native] Reading LoadBalancing configuration from localhost:9998
2017-02-16 17:19:25 [3202b8e4] info    [native] Storing collector peer list (0 entries) to /home/flavio/dev/dyna+junit/dynatrace-6.5/agent/conf/collectorlist.IntelliJ
2017-02-16 17:19:25 [3202b8e4] info    [native] Server/Collector ............ localhost:9998
2017-02-16 17:19:25 [3202b8e4] info    [native] Instrumentation channel connected successfully
2017-02-16 17:19:25 [3202b8e4] info    [native] Received instrumentation blacklist (5034 classes, 360 KiB)
2017-02-16 17:19:25 [3202b8e4] info    [native] Connected to Server/Collector localhost:9998
2017-02-16 17:19:26 [3202b8e4] info    [native] Agent classes defined successfully
2017-02-16 17:19:26 [3202b8e4] info    [native] Platform .................... Linux 4.4.0-62-generic, amd64
2017-02-16 17:19:26 [3202b8e4] info    [java  ] [AgentOptions] Successfully activated java option: optionTestRunIdJava=28496653-e4f8-422c-98f9-78e61823b819
2017-02-16 17:19:26 [3202b8e4] info    [java  ] Java Agent Version .......... 6.5.0.1289, Agent15
2017-02-16 17:19:26 [fa33c8e3] info    [native] Control channel connected successfully
2017-02-16 17:19:26 [fa33c8e3] info    [native] Transaction sampling started.
2017-02-16 17:19:26 [fa33c8e3] info    [native] Average transformation time for 1333 classes/modules was 0ms - maximum set to 60ms
2017-02-16 17:19:26 [fa33c8e3] info    [native] Process metrics pattern ..... not set
2017-02-16 17:19:26 [fa33c8e3] info    [native] Agent ID .................... 666bf70e
2017-02-16 17:19:26 [fa33c8e3] info    [native] Process ID .................. 4285
2017-02-16 17:19:26 [fa33c8e3] info    [native] Recovery .................... enabled
2017-02-16 17:19:26 [fa33c8e3] info    [native] Hot Sensor Placement ........ available
2017-02-16 17:19:26 [3202b8e4] info    [native] Eventsender channel connected successfully
2017-02-16 17:19:31 [fa33c8e3] info    [native] License = license ok; 
2017-02-16 17:19:32 [3202b8e4] info    [native] Shutting down Controller
2017-02-16 17:19:32 [3202b8e4] info    [native] Shutting down EventSender
2017-02-16 17:19:32 [3202b8e4] info    [native] Shutting down Instrumentor
2017-02-16 17:19:32 [3202b8e4] info    [native] Shutdown successful
