2017-02-17 14:35:22 [6e285855] info    [native] [AgentOptions] agent debug option: optionTestRunIdJava=cacd3d9c-39fb-41a4-9dd8-ade4f8f9fc1d
2017-02-17 14:35:22 [6e285855] info    [native] Loading collector peer list from /home/flavio/dev/dyna+junit/dynatrace-6.5/agent/conf/collectorlist.SimpleApp_SomeProfile
2017-02-17 14:35:22 [6e285855] info    [native] 0 entries loaded
2017-02-17 14:35:22 [6e285855] info    [native] POSIX clock type CLOCK_MONOTONIC detected
2017-02-17 14:35:22 [6e285855] info    [native] High-resolution POSIX timer detected.
2017-02-17 14:35:22 [6e285855] info    [native] ------------------------------------------------------------------------------------
2017-02-17 14:35:22 [6e285855] info    [native] Dynatrace Agent for Java Copyright (C) 2004-2016 Dynatrace, http://www.dynatrace.com
2017-02-17 14:35:22 [6e285855] info    [native] ------------------------------------------------------------------------------------
2017-02-17 14:35:22 [6e285855] info    [native] Version ..................... 6.5.0.1289, build date Sep 16 2016 08:47:21, svn rev. 654174
2017-02-17 14:35:22 [6e285855] info    [native] Command line is /usr/lib/jvm/java-8-oracle/jre/bin/java -agentpath:/home/flavio/dev/dyna+junit/dynatrace-6.5/agent/lib64/libdtagent.so=name=SimpleApp_SomeProfile,server=localhost,wait=5,optionTestRunIdJava=cacd3d9c-39fb-41a4-9dd8-ade4f8f9fc1d -jar /home/flavio/dev/dyna+junit/simple-app-maven/target/surefire/surefirebooter1505806103576561991.jar /home/flavio/dev/dyna+junit/simple-app-maven/target/surefire/surefire6570160751818060086tmp /home/flavio/dev/dyna+junit/simple-app-maven/target/surefire/surefire_03217584387250478484tmp 
2017-02-17 14:35:22 [6e285855] info    [native] Build platform .............. Linux x86 64-bit
2017-02-17 14:35:22 [6e285855] info    [native] Platform .................... Linux 4.4.0-62-generic x86_64
2017-02-17 14:35:22 [6e285855] info    [native] System startup time ......... 2017-02-13 07:38:39
2017-02-17 14:35:22 [6e285855] info    [native] User name ................... flavio
2017-02-17 14:35:22 [6e285855] info    [native] Bootstrap version ........... 6.5.0.1289
2017-02-17 14:35:22 [6e285855] info    [native] Log level console ........... info
2017-02-17 14:35:22 [6e285855] info    [native] Log level file .............. info
2017-02-17 14:35:22 [6e285855] info    [native] Log file .................... /home/flavio/dev/dyna+junit/dynatrace-6.5/log/dt_SimpleApp_SomeProfile_20048.0.log
2017-02-17 14:35:22 [6e285855] info    [native] Agent host .................. fmendes
2017-02-17 14:35:22 [6e285855] info    [native] Agent library ............... /home/flavio/dev/dyna+junit/dynatrace-6.5/agent/downloads/6.5.0.1289/native/linux-x86-64/libdtagentcore.so
2017-02-17 14:35:22 [6e285855] info    [native] Options string .............. name=SimpleApp_SomeProfile,server=localhost,wait=5,optionTestRunIdJava=cacd3d9c-39fb-41a4-9dd8-ade4f8f9fc1d
2017-02-17 14:35:22 [6e285855] info    [native] Agent name .................. SimpleApp_SomeProfile
2017-02-17 14:35:22 [6e285855] info    [native] Server/Collector ............ localhost:9998
2017-02-17 14:35:22 [6e285855] info    [native] Interface type .............. JVMTI
2017-02-17 14:35:22 [6e285855] info    [native] Process ID .................. 20048
2017-02-17 14:35:22 [6e285855] info    [native] JVM name .................... Java HotSpot(TM) 64-Bit Server VM 25.121-b13
2017-02-17 14:35:22 [6e285855] info    [native] JVM vendor .................. Oracle Corporation
2017-02-17 14:35:22 [6e285855] info    [native] JVM info .................... mixed mode, sharing
2017-02-17 14:35:22 [6e285855] info    [native] Trying to connect to Server/Collector for up to 4 seconds
2017-02-17 14:35:22 [6e285855] info    [native] Reading LoadBalancing configuration from localhost:9998
2017-02-17 14:35:22 [6e285855] info    [native] Storing collector peer list (0 entries) to /home/flavio/dev/dyna+junit/dynatrace-6.5/agent/conf/collectorlist.SimpleApp_SomeProfile
2017-02-17 14:35:22 [6e285855] info    [native] Server/Collector ............ localhost:9998
2017-02-17 14:35:22 [6e285855] warning [native] Starting without instrumentation, agent did not match a system profile.
2017-02-17 14:35:22 [6e285855] info    [native] Instrumentation channel connected successfully
2017-02-17 14:35:22 [6e285855] info    [native] Received instrumentation blacklist (0 classes, 0 KiB)
2017-02-17 14:35:22 [6e285855] info    [native] Connected to Server/Collector localhost:9998
2017-02-17 14:35:23 [6e285855] info    [native] Agent classes defined successfully
2017-02-17 14:35:23 [6e285855] info    [native] Platform .................... Linux 4.4.0-62-generic, amd64
2017-02-17 14:35:23 [6e285855] info    [java  ] [AgentOptions] Successfully activated java option: optionTestRunIdJava=cacd3d9c-39fb-41a4-9dd8-ade4f8f9fc1d
2017-02-17 14:35:23 [6e285855] info    [java  ] Java Agent Version .......... 6.5.0.1289, Agent15
2017-02-17 14:35:23 [4e33c855] info    [native] Control channel connected successfully
2017-02-17 14:35:23 [4e33c855] info    [native] Transaction sampling started.
2017-02-17 14:35:23 [4e33c855] info    [native] Process metrics pattern ..... not set
2017-02-17 14:35:23 [4e33c855] warning [native] Controller: received disable instrumentation command from collector (reason=12)
2017-02-17 14:35:23 [4e33c855] warning [native] Instrumentation already disabled (state 2), ignoring request to change it
2017-02-17 14:35:23 [4e33c855] info    [native] Agent ID .................... ef84badc
2017-02-17 14:35:23 [4e33c855] info    [native] Process ID .................. 20048
2017-02-17 14:35:23 [4e33c855] info    [native] Capture ..................... disabled
2017-02-17 14:35:23 [4e33c855] info    [native] Capture CPU times ........... disabled
2017-02-17 14:35:23 [4e33c855] info    [native] Hot Sensor Placement ........ not available
2017-02-17 14:35:23 [4e33c855] info    [native] Hypervisor .................. unknown
2017-02-17 14:35:23 [6e285855] info    [native] Eventsender channel connected successfully
2017-02-17 14:35:25 [6e285855] info    [native] Shutting down Controller
2017-02-17 14:35:25 [6e285855] info    [native] Shutting down EventSender
2017-02-17 14:35:25 [027fb855] warning [native] Agent not instrumented properly, license cannot be verified
2017-02-17 14:35:25 [6e285855] info    [native] Shutting down Instrumentor
2017-02-17 14:35:25 [6e285855] info    [native] Shutdown successful
