2017-02-17 14:37:33 [f49758e4] info    [native] [AgentOptions] agent debug option: optionTestRunIdJava=4bc087f0-c649-4785-b8df-cf4db1d34757
2017-02-17 14:37:33 [f49758e4] info    [native] Loading collector peer list from /home/flavio/dev/dyna+junit/dynatrace-6.5/agent/conf/collectorlist.IntelliJ
2017-02-17 14:37:33 [f49758e4] info    [native] 0 entries loaded
2017-02-17 14:37:33 [f49758e4] info    [native] POSIX clock type CLOCK_MONOTONIC detected
2017-02-17 14:37:33 [f49758e4] info    [native] High-resolution POSIX timer detected.
2017-02-17 14:37:33 [f49758e4] info    [native] ------------------------------------------------------------------------------------
2017-02-17 14:37:33 [f49758e4] info    [native] Dynatrace Agent for Java Copyright (C) 2004-2016 Dynatrace, http://www.dynatrace.com
2017-02-17 14:37:33 [f49758e4] info    [native] ------------------------------------------------------------------------------------
2017-02-17 14:37:33 [f49758e4] info    [native] Version ..................... 6.5.0.1289, build date Sep 16 2016 08:47:21, svn rev. 654174
2017-02-17 14:37:33 [f49758e4] info    [native] Command line is /usr/lib/jvm/java-8-oracle/bin/java -ea -agentpath:/home/flavio/dev/dyna+junit/dynatrace-6.5/agent/lib64/libdtagent.so=wait=30000,name=IntelliJ,server=localhost,port=9998,optionTestRunIdJava=4bc087f0-c649-4785-b8df-cf4db1d34757 -Didea.launcher.port=7535 -Didea.launcher.bin.path=/home/flavio/dev/idea-IC-163.12024.16/bin -Dfile.encoding=UTF-8 -classpath /home/flavio/dev/idea-IC-163.12024.16/lib/idea_rt.jar:/home/flavio/dev/idea-IC-163.12024.16/plugins/junit/lib/junit-rt.jar:/usr/lib/jvm/java-8-oracle/jre/lib/charsets.jar:/usr/lib/jvm/java-8-oracle/jre/lib/deploy.jar:/usr/lib/jvm/java-8-oracle/jre/lib/ext/cldrdata.jar:/usr/lib/jvm/java-8-oracle/jre/lib/ext/dnsns.jar:/usr/lib/jvm/java-8-oracle/jre/lib/ext/jaccess.jar:/usr/lib/jvm/java-8-oracle/jre/lib/ext/jfxrt.jar:/usr/lib/jvm/java-8-oracle/jre/lib/ext/localedata.jar:/usr/lib/jvm/java-8-oracle/jre/lib/ext/nashorn.jar:/usr/lib/jvm/java-8-oracle/jre/lib/ext/sunec.jar:/usr/lib/jvm/java-8-oracle/jre/lib/ext/sunjce_provider.jar:/usr/lib/jvm/java-8-oracle/jre/lib/ext/sunpkcs11.jar:/usr/lib/jvm/java-8-oracle/jre/lib/ext/zipfs.jar:/usr/lib/jvm/java-8-oracle/jre/lib/javaws.jar:/usr/lib/jvm/java-8-oracle/jre/lib/jce.jar:/usr/lib/jvm/java-8-oracle/jre/lib/jfr.jar:/usr/lib/jvm/java-8-oracle/jre/lib/jfxswt.jar:/usr/lib/jvm/java-8-oracle/jre/lib/jsse.jar:/usr/lib/jvm/java-8-oracle/jre/lib/management-agent.jar:/usr/lib/jvm/java-8-oracle/jre/lib/plugin.jar:/usr/lib/jvm/java-8-oracle/jre/lib/resources.jar:/usr/lib/jvm/java-8-oracle/jre/lib/rt.jar:/home/flavio/dev/dyna+junit/simple-app-maven/target/test-classes:/home/flavio/dev/dyna+junit/simple-app-maven/target/classes:/home/flavio/.m2/repository/junit/junit/4.12/junit-4.12.jar:/home/flavio/.m2/repository/org/hamcrest/hamcrest-core/1.3/hamcrest-core-1.3.jar com.intellij.rt.execution.application.AppMain com.intellij.rt.execution.junit.JUnitStarter -ideVersion5 @w@/tmp/idea_working_dirs_junit.tmp @/tmp/idea_junit.tmp -socket44857 
2017-02-17 14:37:33 [f49758e4] info    [native] Build platform .............. Linux x86 64-bit
2017-02-17 14:37:33 [f49758e4] info    [native] Platform .................... Linux 4.4.0-62-generic x86_64
2017-02-17 14:37:33 [f49758e4] info    [native] System startup time ......... 2017-02-13 07:38:39
2017-02-17 14:37:33 [f49758e4] info    [native] User name ................... flavio
2017-02-17 14:37:33 [f49758e4] info    [native] Bootstrap version ........... 6.5.0.1289
2017-02-17 14:37:33 [f49758e4] info    [native] Log level console ........... info
2017-02-17 14:37:33 [f49758e4] info    [native] Log level file .............. info
2017-02-17 14:37:33 [f49758e4] info    [native] Log file .................... /home/flavio/dev/dyna+junit/dynatrace-6.5/log/dt_IntelliJ_20597.0.log
2017-02-17 14:37:33 [f49758e4] info    [native] Agent host .................. fmendes
2017-02-17 14:37:33 [f49758e4] info    [native] Agent library ............... /home/flavio/dev/dyna+junit/dynatrace-6.5/agent/downloads/6.5.0.1289/native/linux-x86-64/libdtagentcore.so
2017-02-17 14:37:33 [f49758e4] info    [native] Options string .............. wait=30000,name=IntelliJ,server=localhost,port=9998,optionTestRunIdJava=4bc087f0-c649-4785-b8df-cf4db1d34757
2017-02-17 14:37:33 [f49758e4] info    [native] Agent name .................. IntelliJ
2017-02-17 14:37:33 [f49758e4] info    [native] Server/Collector ............ localhost:9998
2017-02-17 14:37:33 [f49758e4] info    [native] Interface type .............. JVMTI
2017-02-17 14:37:33 [f49758e4] info    [native] Process ID .................. 20597
2017-02-17 14:37:33 [f49758e4] info    [native] JVM name .................... Java HotSpot(TM) 64-Bit Server VM 25.121-b13
2017-02-17 14:37:33 [f49758e4] info    [native] JVM vendor .................. Oracle Corporation
2017-02-17 14:37:33 [f49758e4] info    [native] JVM info .................... mixed mode, sharing
2017-02-17 14:37:33 [f49758e4] info    [native] Trying to connect to Server/Collector for up to 29999 seconds
2017-02-17 14:37:33 [f49758e4] info    [native] Reading LoadBalancing configuration from localhost:9998
2017-02-17 14:37:33 [f49758e4] info    [native] Storing collector peer list (0 entries) to /home/flavio/dev/dyna+junit/dynatrace-6.5/agent/conf/collectorlist.IntelliJ
2017-02-17 14:37:33 [f49758e4] info    [native] Server/Collector ............ localhost:9998
2017-02-17 14:37:33 [f49758e4] info    [native] Instrumentation channel connected successfully
2017-02-17 14:37:33 [f49758e4] info    [native] Received instrumentation blacklist (6276 classes, 446 KiB)
2017-02-17 14:37:33 [f49758e4] info    [native] Connected to Server/Collector localhost:9998
2017-02-17 14:37:33 [f49758e4] info    [native] Agent classes defined successfully
2017-02-17 14:37:33 [f49758e4] info    [native] Platform .................... Linux 4.4.0-62-generic, amd64
2017-02-17 14:37:33 [f49758e4] info    [java  ] [AgentOptions] Successfully activated java option: optionTestRunIdJava=4bc087f0-c649-4785-b8df-cf4db1d34757
2017-02-17 14:37:33 [f49758e4] info    [java  ] Java Agent Version .......... 6.5.0.1289, Agent15
2017-02-17 14:37:33 [c0cde8e4] info    [native] Control channel connected successfully
2017-02-17 14:37:33 [c0cde8e4] info    [native] Transaction sampling started.
2017-02-17 14:37:34 [c0cde8e4] info    [native] Average transformation time for 1333 classes/modules was 0ms - maximum set to 60ms
2017-02-17 14:37:34 [c0cde8e4] info    [native] Process metrics pattern ..... not set
2017-02-17 14:37:34 [c0cde8e4] info    [native] Agent ID .................... edcf7d5d
2017-02-17 14:37:34 [c0cde8e4] info    [native] Process ID .................. 20597
2017-02-17 14:37:34 [c0cde8e4] info    [native] Recovery .................... enabled
2017-02-17 14:37:34 [c0cde8e4] info    [native] Hot Sensor Placement ........ available
2017-02-17 14:37:34 [c0cde8e4] info    [native] Hypervisor .................. unknown
2017-02-17 14:37:34 [f49758e4] info    [native] Eventsender channel connected successfully
2017-02-17 14:37:36 [f49758e4] info    [native] Shutting down Controller
2017-02-17 14:37:36 [f49758e4] info    [native] Shutting down EventSender
2017-02-17 14:37:36 [f49758e4] info    [native] Shutting down Instrumentor
2017-02-17 14:37:36 [f49758e4] info    [native] Shutdown successful
