2017-03-03 14:34:18 [4483b814] info    [native] [AgentOptions] agent debug option: optionTestRunIdJava=44aeebfc-6e2d-4151-83b7-bf5a79340d32
2017-03-03 14:34:18 [4483b814] info    [native] Loading collector peer list from /home/flavio/dev/dyna+junit/dynatrace-6.5/agent/conf/collectorlist.IntelliJ
2017-03-03 14:34:18 [4483b814] info    [native] 0 entries loaded
2017-03-03 14:34:18 [4483b814] info    [native] POSIX clock type CLOCK_MONOTONIC detected
2017-03-03 14:34:19 [4483b814] info    [native] High-resolution POSIX timer detected.
2017-03-03 14:34:19 [4483b814] info    [native] ------------------------------------------------------------------------------------
2017-03-03 14:34:19 [4483b814] info    [native] Dynatrace Agent for Java Copyright (C) 2004-2016 Dynatrace, http://www.dynatrace.com
2017-03-03 14:34:19 [4483b814] info    [native] ------------------------------------------------------------------------------------
2017-03-03 14:34:19 [4483b814] info    [native] Version ..................... 6.5.0.1289, build date Sep 16 2016 08:47:21, svn rev. 654174
2017-03-03 14:34:19 [4483b814] info    [native] Command line is /usr/lib/jvm/java-8-oracle/bin/java -ea -agentpath:/home/flavio/dev/dyna+junit/dynatrace-6.5/agent/lib64/libdtagent.so=wait=30000,name=IntelliJ,server=localhost,port=9998,optionTestRunIdJava=44aeebfc-6e2d-4151-83b7-bf5a79340d32 -Didea.launcher.port=7532 -Didea.launcher.bin.path=/home/flavio/dev/idea-IC-163.12024.16/bin -Dfile.encoding=UTF-8 -classpath /home/flavio/dev/idea-IC-163.12024.16/lib/idea_rt.jar:/home/flavio/dev/idea-IC-163.12024.16/plugins/junit/lib/junit-rt.jar:/usr/lib/jvm/java-8-oracle/jre/lib/charsets.jar:/usr/lib/jvm/java-8-oracle/jre/lib/deploy.jar:/usr/lib/jvm/java-8-oracle/jre/lib/ext/cldrdata.jar:/usr/lib/jvm/java-8-oracle/jre/lib/ext/dnsns.jar:/usr/lib/jvm/java-8-oracle/jre/lib/ext/jaccess.jar:/usr/lib/jvm/java-8-oracle/jre/lib/ext/jfxrt.jar:/usr/lib/jvm/java-8-oracle/jre/lib/ext/localedata.jar:/usr/lib/jvm/java-8-oracle/jre/lib/ext/nashorn.jar:/usr/lib/jvm/java-8-oracle/jre/lib/ext/sunec.jar:/usr/lib/jvm/java-8-oracle/jre/lib/ext/sunjce_provider.jar:/usr/lib/jvm/java-8-oracle/jre/lib/ext/sunpkcs11.jar:/usr/lib/jvm/java-8-oracle/jre/lib/ext/zipfs.jar:/usr/lib/jvm/java-8-oracle/jre/lib/javaws.jar:/usr/lib/jvm/java-8-oracle/jre/lib/jce.jar:/usr/lib/jvm/java-8-oracle/jre/lib/jfr.jar:/usr/lib/jvm/java-8-oracle/jre/lib/jfxswt.jar:/usr/lib/jvm/java-8-oracle/jre/lib/jsse.jar:/usr/lib/jvm/java-8-oracle/jre/lib/management-agent.jar:/usr/lib/jvm/java-8-oracle/jre/lib/plugin.jar:/usr/lib/jvm/java-8-oracle/jre/lib/resources.jar:/usr/lib/jvm/java-8-oracle/jre/lib/rt.jar:/home/flavio/dev/dyna+junit/dynaTest/target/test-classes:/home/flavio/dev/dyna+junit/dynaTest/target/classes:/home/flavio/.m2/repository/org/springframework/boot/spring-boot-starter-web/1.5.1.RELEASE/spring-boot-starter-web-1.5.1.RELEASE.jar:/home/flavio/.m2/repository/org/springframework/boot/spring-boot-starter/1.3.3.RELEASE/spring-boot-starter-1.3.3.RELEASE.jar:/home/flavio/.m2/repository/org/springframework/boot/spring-boot/1.3.3.RELEASE/spring-boot-1.3.3.RELEASE.jar:/home/flavio/.m2/repository/org/springframework/boot/spring-boot-autoconfigure/1.3.3.RELEASE/spring-boot-autoconfigure-1.3.3.RELEASE.jar:/home/flavio/.m2/repository/org/springframework/boot/spring-boot-starter-logging/1.3.3.RELEASE/spring-boot-starter-logging-1.3.3.RELEASE.jar:/home/flavio/.m2/repository/ch/qos/logback/logback-classic/1.1.5/logback-classic-1.1.5.jar:/home/flavio/.m2/repository/ch/qos/logback/logback-core/1.1.5/logback-core-1.1.5.jar:/home/flavio/.m2/repository/org/slf4j/slf4j-api/1.7.16/slf4j-api-1.7.16.jar:/home/flavio/.m2/repository/org/slf4j/jcl-over-slf4j/1.7.16/jcl-over-slf4j-1.7.16.jar:/home/flavio/.m2/repository/org/slf4j/jul-to-slf4j/1.7.16/jul-to-slf4j-1.7.16.jar:/home/flavio/.m2/repository/org/slf4j/log4j-over-slf4j/1.7.16/log4j-over-slf4j-1.7.16.jar:/home/flavio/.m2/repository/org/yaml/snakeyaml/1.16/snakeyaml-1.16.jar:/home/flavio/.m2/repository/org/springframework/boot/spring-boot-starter-tomcat/1.3.3.RELEASE/spring-boot-starter-tomcat-1.3.3.RELEASE.jar:/home/flavio/.m2/repository/org/apache/tomcat/embed/tomcat-embed-core/8.0.32/tomcat-embed-core-8.0.32.jar:/home/flavio/.m2/repository/org/apache/tomcat/embed/tomcat-embed-el/8.0.32/tomcat-embed-el-8.0.32.jar:/home/flavio/.m2/repository/org/apache/tomcat/embed/tomcat-embed-logging-juli/8.0.32/tomcat-embed-logging-juli-8.0.32.jar:/home/flavio/.m2/repository/org/apache/tomcat/embed/tomcat-embed-websocket/8.0.32/tomcat-embed-websocket-8.0.32.jar:/home/flavio/.m2/repository/org/hibernate/hibernate-validator/5.2.4.Final/hibernate-validator-5.2.4.Final.jar:/home/flavio/.m2/repository/javax/validation/validation-api/1.1.0.Final/validation-api-1.1.0.Final.jar:/home/flavio/.m2/repository/org/jboss/logging/jboss-logging/3.3.0.Final/jboss-logging-3.3.0.Final.jar:/home/flavio/.m2/repository/com/fasterxml/classmate/1.1.0/classmate-1.1.0.jar:/home/flavio/.m2/repository/com/fasterxml/jackson/core/jackson-databind/2.6.5/jackson-databind-2.6.5.jar:/home/flavio/.m2/repository/com/fasterxml/jackson/core/jackson-annotations/2.6.5/jackson-annotations-2.6.5.jar:/home/flavio/.m2/repository/com/fasterxml/jackson/core/jackson-core/2.6.5/jackson-core-2.6.5.jar:/home/flavio/.m2/repository/org/springframework/spring-web/4.2.5.RELEASE/spring-web-4.2.5.RELEASE.jar:/home/flavio/.m2/repository/org/springframework/spring-aop/4.2.5.RELEASE/spring-aop-4.2.5.RELEASE.jar:/home/flavio/.m2/repository/aopalliance/aopalliance/1.0/aopalliance-1.0.jar:/home/flavio/.m2/repository/org/springframework/spring-beans/4.2.5.RELEASE/spring-beans-4.2.5.RELEASE.jar:/home/flavio/.m2/repository/org/springframework/spring-context/4.2.5.RELEASE/spring-context-4.2.5.RELEASE.jar:/home/flavio/.m2/repository/org/springframework/spring-webmvc/4.2.5.RELEASE/spring-webmvc-4.2.5.RELEASE.jar:/home/flavio/.m2/repository/org/springframework/spring-expression/4.2.5.RELEASE/spring-expression-4.2.5.RELEASE.jar:/home/flavio/.m2/repository/org/springframework/boot/spring-boot-starter-test/1.3.3.RELEASE/spring-boot-starter-test-1.3.3.RELEASE.jar:/home/flavio/.m2/repository/junit/junit/4.12/junit-4.12.jar:/home/flavio/.m2/repository/org/mockito/mockito-core/1.10.19/mockito-core-1.10.19.jar:/home/flavio/.m2/repository/org/objenesis/objenesis/2.1/objenesis-2.1.jar:/home/flavio/.m2/repository/org/hamcrest/hamcrest-core/1.3/hamcrest-core-1.3.jar:/home/flavio/.m2/repository/org/hamcrest/hamcrest-library/1.3/hamcrest-library-1.3.jar:/home/flavio/.m2/repository/org/springframework/spring-core/4.2.5.RELEASE/spring-core-4.2.5.RELEASE.jar:/home/flavio/.m2/repository/org/springframework/spring-test/4.2.5.RELEASE/spring-test-4.2.5.RELEASE.jar com.intellij.rt.execution.application.AppMain com.intellij.rt.execution.junit.JUnitStarter -ideVersion5 @w@/tmp/idea_working_dirs_junit.tmp @/tmp/idea_junit.tmp -socket42116 
2017-03-03 14:34:19 [4483b814] info    [native] Build platform .............. Linux x86 64-bit
2017-03-03 14:34:19 [4483b814] info    [native] Platform .................... Linux 4.4.0-62-generic x86_64
2017-03-03 14:34:19 [4483b814] info    [native] System startup time ......... 2017-03-03 07:39:24
2017-03-03 14:34:19 [4483b814] info    [native] User name ................... flavio
2017-03-03 14:34:19 [4483b814] info    [native] Bootstrap version ........... 6.5.0.1289
2017-03-03 14:34:19 [4483b814] info    [native] Log level console ........... info
2017-03-03 14:34:19 [4483b814] info    [native] Log level file .............. info
2017-03-03 14:34:19 [4483b814] info    [native] Log file .................... /home/flavio/dev/dyna+junit/dynatrace-6.5/log/dt_IntelliJ_22165.0.log
2017-03-03 14:34:19 [4483b814] info    [native] Agent host .................. fmendes
2017-03-03 14:34:19 [4483b814] info    [native] Agent library ............... /home/flavio/dev/dyna+junit/dynatrace-6.5/agent/downloads/6.5.0.1289/native/linux-x86-64/libdtagentcore.so
2017-03-03 14:34:19 [4483b814] info    [native] Options string .............. wait=30000,name=IntelliJ,server=localhost,port=9998,optionTestRunIdJava=44aeebfc-6e2d-4151-83b7-bf5a79340d32
2017-03-03 14:34:19 [4483b814] info    [native] Agent name .................. IntelliJ
2017-03-03 14:34:19 [4483b814] info    [native] Server/Collector ............ localhost:9998
2017-03-03 14:34:19 [4483b814] info    [native] Interface type .............. JVMTI
2017-03-03 14:34:19 [4483b814] info    [native] Process ID .................. 22165
2017-03-03 14:34:19 [4483b814] info    [native] JVM name .................... Java HotSpot(TM) 64-Bit Server VM 25.121-b13
2017-03-03 14:34:19 [4483b814] info    [native] JVM vendor .................. Oracle Corporation
2017-03-03 14:34:19 [4483b814] info    [native] JVM info .................... mixed mode, sharing
2017-03-03 14:34:19 [4483b814] info    [native] Trying to connect to Server/Collector for up to 29999 seconds
2017-03-03 14:34:19 [4483b814] info    [native] Reading LoadBalancing configuration from localhost:9998
2017-03-03 14:34:19 [4483b814] info    [native] Storing collector peer list (0 entries) to /home/flavio/dev/dyna+junit/dynatrace-6.5/agent/conf/collectorlist.IntelliJ
2017-03-03 14:34:19 [4483b814] info    [native] Server/Collector ............ localhost:9998
2017-03-03 14:34:19 [4483b814] warning [native] Starting without instrumentation, agent did not match a system profile.
2017-03-03 14:34:19 [4483b814] info    [native] Instrumentation channel connected successfully
2017-03-03 14:34:19 [4483b814] info    [native] Received instrumentation blacklist (0 classes, 0 KiB)
2017-03-03 14:34:19 [4483b814] info    [native] Connected to Server/Collector localhost:9998
2017-03-03 14:34:19 [4483b814] info    [native] Agent classes defined successfully
2017-03-03 14:34:19 [4483b814] info    [native] Platform .................... Linux 4.4.0-62-generic, amd64
2017-03-03 14:34:19 [4483b814] info    [java  ] [AgentOptions] Successfully activated java option: optionTestRunIdJava=44aeebfc-6e2d-4151-83b7-bf5a79340d32
2017-03-03 14:34:19 [4483b814] info    [java  ] Java Agent Version .......... 6.5.0.1289, Agent15
2017-03-03 14:34:19 [248e0814] info    [native] Control channel connected successfully
2017-03-03 14:34:19 [248e0814] info    [native] Transaction sampling started.
2017-03-03 14:34:19 [248e0814] info    [native] Process metrics pattern ..... not set
2017-03-03 14:34:19 [248e0814] warning [native] Controller: received disable instrumentation command from collector (reason=12)
2017-03-03 14:34:19 [248e0814] warning [native] Instrumentation already disabled (state 2), ignoring request to change it
2017-03-03 14:34:19 [248e0814] info    [native] Agent ID .................... 8d3065a1
2017-03-03 14:34:19 [248e0814] info    [native] Process ID .................. 22165
2017-03-03 14:34:19 [248e0814] info    [native] Capture ..................... disabled
2017-03-03 14:34:19 [248e0814] info    [native] Capture CPU times ........... disabled
2017-03-03 14:34:19 [248e0814] info    [native] Hot Sensor Placement ........ not available
2017-03-03 14:34:19 [248e0814] info    [native] Hypervisor .................. unknown
2017-03-03 14:34:19 [4483b814] info    [native] Eventsender channel connected successfully
2017-03-03 14:34:29 [248e0814] info    [native] License = skipped by license check - agent did not match a system profile; 
2017-03-03 14:34:29 [f148e813] warning [native] Agent not instrumented properly, license cannot be verified
2017-03-03 14:34:30 [4483b814] info    [native] Shutting down Controller
2017-03-03 14:34:30 [4483b814] info    [native] Shutting down EventSender
2017-03-03 14:34:30 [4483b814] info    [native] Shutting down Instrumentor
2017-03-03 14:34:30 [4483b814] info    [native] Shutdown successful
